<?xml version='1.0' encoding='UTF-8'?>
<!--<!DOCTYPE coverage SYSTEM 'http://cobertura.sourceforge.net/xml/coverage-04.dtd'> -->
<coverage line-rate="0.3661599471249174" branch-rate="0.20354808590102708" lines-covered="554" lines-valid="1513" branches-covered="218" branches-valid="1071" complexity="0.0" timestamp="1744314929" version="gcovr 8.3"><sources><source>C:/Users/Yusuf/EMOBIL/EEM_TASK/TestTemplates/TestExample1</source></sources><packages><package name="external.CUnit.Sources.Automated" line-rate="0.45643153526970953" branch-rate="0.24210526315789474" complexity="0.0"><classes><class name="Automated_c" filename="external/CUnit/Sources/Automated/Automated.c" line-rate="0.45643153526970953" branch-rate="0.24210526315789474" complexity="0.0"><methods/><lines><line number="102" hits="3" branch="false"/><line number="104" hits="3" branch="true" condition-coverage="50% (1/2)"><conditions><condition number="0" type="jump" coverage="50%"/></conditions></line><line number="107" hits="3" branch="false"/><line number="108" hits="3" branch="false"/><line number="111" hits="3" branch="true" condition-coverage="50% (1/2)"><conditions><condition number="0" type="jump" coverage="50%"/></conditions></line><line number="112" hits="0" branch="false"/><line number="115" hits="3" branch="true" condition-coverage="100% (2/2)"><conditions><condition number="0" type="jump" coverage="100%"/></conditions></line><line number="116" hits="1" branch="false"/><line number="120" hits="2" branch="false"/><line number="121" hits="2" branch="false"/><line number="122" hits="2" branch="false"/><line number="123" hits="2" branch="false"/><line number="124" hits="2" branch="false"/><line number="126" hits="2" branch="false"/><line number="128" hits="2" branch="false"/><line number="130" hits="2" branch="true" condition-coverage="50% (1/2)"><conditions><condition number="0" type="jump" coverage="50%"/></conditions></line><line number="131" hits="0" branch="false"/><line number="134" hits="3" branch="false"/><line number="137" hits="3" branch="false"/><line number="139" hits="3" branch="false"/><line number="140" hits="3" branch="false"/><line number="143" hits="3" branch="true" condition-coverage="50% (1/2)"><conditions><condition number="0" type="jump" coverage="50%"/></conditions></line><line number="144" hits="3" branch="false"/><line number="147" hits="0" branch="false"/><line number="150" hits="3" branch="false"/><line number="151" hits="3" branch="false"/><line number="154" hits="3" branch="true" condition-coverage="50% (1/2)"><conditions><condition number="0" type="jump" coverage="50%"/></conditions></line><line number="155" hits="3" branch="false"/><line number="158" hits="0" branch="false"/><line number="161" hits="3" branch="false"/><line number="162" hits="3" branch="false"/><line number="163" hits="3" branch="false"/><line number="166" hits="0" branch="false"/><line number="169" hits="0" branch="true" condition-coverage="0% (0/2)"><conditions><condition number="0" type="jump" coverage="0%"/></conditions></line><line number="170" hits="0" branch="false"/><line number="173" hits="0" branch="false"/><line number="186" hits="2" branch="false"/><line number="188" hits="2" branch="false"/><line number="190" hits="2" branch="true" condition-coverage="50% (1/2)"><conditions><condition number="0" type="jump" coverage="50%"/></conditions></line><line number="192" hits="2" branch="false"/><line number="194" hits="2" branch="true" condition-coverage="50% (1/2)"><conditions><condition number="0" type="jump" coverage="50%"/></conditions></line><line number="195" hits="0" branch="false"/><line number="197" hits="2" branch="true" condition-coverage="50% (1/2)"><conditions><condition number="0" type="jump" coverage="50%"/></conditions></line><line number="198" hits="2" branch="false"/><line number="200" hits="2" branch="false"/><line number="201" hits="2" branch="true" condition-coverage="50% (1/2)"><conditions><condition number="0" type="jump" coverage="50%"/></conditions></line><line number="202" hits="0" branch="false"/><line number="204" hits="2" branch="false"/><line number="210" hits="3" branch="false"/><line number="212" hits="3" branch="false"/><line number="214" hits="3" branch="false"/><line number="216" hits="3" branch="true" condition-coverage="50% (2/4)"><conditions><condition number="0" type="jump" coverage="50%"/></conditions></line><line number="217" hits="0" branch="false"/><line number="219" hits="3" branch="true" condition-coverage="100% (2/2)"><conditions><condition number="0" type="jump" coverage="100%"/></conditions></line><line number="220" hits="1" branch="false"/><line number="223" hits="2" branch="false"/><line number="225" hits="2" branch="true" condition-coverage="50% (1/2)"><conditions><condition number="0" type="jump" coverage="50%"/></conditions></line><line number="226" hits="0" branch="false"/><line number="232" hits="2" branch="false"/><line number="241" hits="3" branch="false"/><line number="251" hits="4" branch="false"/><line number="253" hits="4" branch="false"/><line number="254" hits="4" branch="false"/><line number="258" hits="4" branch="true" condition-coverage="50% (1/2)"><conditions><condition number="0" type="jump" coverage="50%"/></conditions></line><line number="259" hits="4" branch="true" condition-coverage="50% (1/2)"><conditions><condition number="0" type="jump" coverage="50%"/></conditions></line><line number="260" hits="4" branch="true" condition-coverage="50% (1/2)"><conditions><condition number="0" type="jump" coverage="50%"/></conditions></line><line number="261" hits="4" branch="true" condition-coverage="50% (1/2)"><conditions><condition number="0" type="jump" coverage="50%"/></conditions></line><line number="264" hits="4" branch="true" condition-coverage="75% (3/4)"><conditions><condition number="0" type="jump" coverage="75%"/></conditions></line><line number="265" hits="2" branch="true" condition-coverage="50% (1/2)"><conditions><condition number="0" type="jump" coverage="50%"/></conditions></line><line number="266" hits="0" branch="true" condition-coverage="0% (0/2)"><conditions><condition number="0" type="jump" coverage="0%"/></conditions></line><line number="267" hits="0" branch="false"/><line number="271" hits="0" branch="false"/><line number="278" hits="2" branch="false"/><line number="279" hits="2" branch="false"/><line number="281" hits="2" branch="true" condition-coverage="50% (1/2)"><conditions><condition number="0" type="jump" coverage="50%"/></conditions></line><line number="282" hits="0" branch="true" condition-coverage="0% (0/2)"><conditions><condition number="0" type="jump" coverage="0%"/></conditions></line><line number="289" hits="2" branch="true" condition-coverage="50% (1/2)"><conditions><condition number="0" type="jump" coverage="50%"/></conditions></line><line number="296" hits="2" branch="false"/><line number="297" hits="2" branch="false"/><line number="300" hits="4" branch="true" condition-coverage="100% (2/2)"><conditions><condition number="0" type="jump" coverage="100%"/></conditions></line><line number="301" hits="2" branch="false"/><line number="303" hits="4" branch="false"/><line number="311" hits="4" branch="false"/><line number="315" hits="4" branch="false"/><line number="316" hits="4" branch="false"/><line number="317" hits="4" branch="false"/><line number="318" hits="4" branch="false"/><line number="319" hits="4" branch="false"/><line number="323" hits="4" branch="true" condition-coverage="50% (1/2)"><conditions><condition number="0" type="jump" coverage="50%"/></conditions></line><line number="324" hits="4" branch="true" condition-coverage="50% (1/2)"><conditions><condition number="0" type="jump" coverage="50%"/></conditions></line><line number="325" hits="4" branch="true" condition-coverage="50% (1/2)"><conditions><condition number="0" type="jump" coverage="50%"/></conditions></line><line number="326" hits="4" branch="true" condition-coverage="50% (1/2)"><conditions><condition number="0" type="jump" coverage="50%"/></conditions></line><line number="327" hits="4" branch="true" condition-coverage="50% (1/2)"><conditions><condition number="0" type="jump" coverage="50%"/></conditions></line><line number="329" hits="4" branch="true" condition-coverage="50% (1/2)"><conditions><condition number="0" type="jump" coverage="50%"/></conditions></line><line number="331" hits="0" branch="true" condition-coverage="0% (0/2)"><conditions><condition number="0" type="jump" coverage="0%"/></conditions></line><line number="332" hits="0" branch="true" condition-coverage="0% (0/2)"><conditions><condition number="0" type="jump" coverage="0%"/></conditions></line><line number="333" hits="0" branch="true" condition-coverage="0% (0/4)"><conditions><condition number="0" type="jump" coverage="0%"/></conditions></line><line number="334" hits="0" branch="true" condition-coverage="0% (0/4)"><conditions><condition number="0" type="jump" coverage="0%"/></conditions></line><line number="336" hits="0" branch="true" condition-coverage="0% (0/2)"><conditions><condition number="0" type="jump" coverage="0%"/></conditions></line><line number="337" hits="0" branch="false"/><line number="340" hits="0" branch="false"/><line number="343" hits="0" branch="true" condition-coverage="0% (0/2)"><conditions><condition number="0" type="jump" coverage="0%"/></conditions></line><line number="346" hits="0" branch="false"/><line number="347" hits="0" branch="false"/><line number="351" hits="0" branch="true" condition-coverage="0% (0/2)"><conditions><condition number="0" type="jump" coverage="0%"/></conditions></line><line number="353" hits="0" branch="true" condition-coverage="0% (0/4)"><conditions><condition number="0" type="jump" coverage="0%"/></conditions></line><line number="354" hits="0" branch="true" condition-coverage="0% (0/4)"><conditions><condition number="0" type="jump" coverage="0%"/></conditions></line><line number="357" hits="0" branch="true" condition-coverage="0% (0/2)"><conditions><condition number="0" type="jump" coverage="0%"/></conditions></line><line number="358" hits="0" branch="false"/><line number="361" hits="0" branch="false"/><line number="363" hits="0" branch="true" condition-coverage="0% (0/2)"><conditions><condition number="0" type="jump" coverage="0%"/></conditions></line><line number="364" hits="0" branch="false"/><line number="365" hits="0" branch="true" condition-coverage="0% (0/2)"><conditions><condition number="0" type="jump" coverage="0%"/></conditions></line><line number="366" hits="0" branch="false"/><line number="368" hits="0" branch="false"/><line number="372" hits="0" branch="true" condition-coverage="0% (0/2)"><conditions><condition number="0" type="jump" coverage="0%"/></conditions></line><line number="373" hits="0" branch="false"/><line number="376" hits="0" branch="false"/><line number="379" hits="0" branch="true" condition-coverage="0% (0/2)"><conditions><condition number="0" type="jump" coverage="0%"/></conditions></line><line number="380" hits="0" branch="false"/><line number="381" hits="0" branch="true" condition-coverage="0% (0/2)"><conditions><condition number="0" type="jump" coverage="0%"/></conditions></line><line number="382" hits="0" branch="false"/><line number="384" hits="0" branch="true" condition-coverage="0% (0/2)"><conditions><condition number="0" type="jump" coverage="0%"/></conditions></line><line number="394" hits="0" branch="false"/><line number="398" hits="0" branch="false"/><line number="401" hits="0" branch="true" condition-coverage="0% (0/2)"><conditions><condition number="0" type="jump" coverage="0%"/></conditions></line><line number="402" hits="0" branch="false"/><line number="403" hits="0" branch="false"/><line number="407" hits="4" branch="true" condition-coverage="50% (1/2)"><conditions><condition number="0" type="jump" coverage="50%"/></conditions></line><line number="408" hits="0" branch="true" condition-coverage="0% (0/2)"><conditions><condition number="0" type="jump" coverage="0%"/></conditions></line><line number="411" hits="0" branch="false"/><line number="413" hits="4" branch="false"/><line number="423" hits="4" branch="true" condition-coverage="50% (1/2)"><conditions><condition number="0" type="jump" coverage="50%"/></conditions></line><line number="424" hits="0" branch="false"/><line number="426" hits="4" branch="false"/><line number="432" hits="2" branch="false"/><line number="434" hits="2" branch="false"/><line number="435" hits="2" branch="false"/><line number="439" hits="2" branch="true" condition-coverage="50% (1/2)"><conditions><condition number="0" type="jump" coverage="50%"/></conditions></line><line number="440" hits="2" branch="true" condition-coverage="50% (1/2)"><conditions><condition number="0" type="jump" coverage="50%"/></conditions></line><line number="441" hits="2" branch="true" condition-coverage="50% (1/2)"><conditions><condition number="0" type="jump" coverage="50%"/></conditions></line><line number="443" hits="2" branch="true" condition-coverage="50% (2/4)"><conditions><condition number="0" type="jump" coverage="50%"/></conditions></line><line number="444" hits="2" branch="true" condition-coverage="50% (1/2)"><conditions><condition number="0" type="jump" coverage="50%"/></conditions></line><line number="445" hits="2" branch="false"/><line number="451" hits="2" branch="true" condition-coverage="50% (1/2)"><conditions><condition number="0" type="jump" coverage="50%"/></conditions></line><line number="452" hits="2" branch="false"/><line number="456" hits="2" branch="false"/><line number="471" hits="2" branch="false"/><line number="483" hits="2" branch="false"/><line number="487" hits="2" branch="false"/><line number="500" hits="2" branch="false"/><line number="504" hits="2" branch="false"/><line number="510" hits="0" branch="false"/><line number="512" hits="0" branch="true" condition-coverage="0% (0/2)"><conditions><condition number="0" type="jump" coverage="0%"/></conditions></line><line number="513" hits="0" branch="true" condition-coverage="0% (0/2)"><conditions><condition number="0" type="jump" coverage="0%"/></conditions></line><line number="514" hits="0" branch="true" condition-coverage="0% (0/2)"><conditions><condition number="0" type="jump" coverage="0%"/></conditions></line><line number="516" hits="0" branch="true" condition-coverage="0% (0/2)"><conditions><condition number="0" type="jump" coverage="0%"/></conditions></line><line number="517" hits="0" branch="true" condition-coverage="0% (0/2)"><conditions><condition number="0" type="jump" coverage="0%"/></conditions></line><line number="518" hits="0" branch="false"/><line number="519" hits="0" branch="false"/><line number="522" hits="0" branch="false"/><line number="525" hits="0" branch="false"/><line number="529" hits="0" branch="true" condition-coverage="0% (0/2)"><conditions><condition number="0" type="jump" coverage="0%"/></conditions></line><line number="530" hits="0" branch="false"/><line number="540" hits="0" branch="false"/><line number="546" hits="0" branch="false"/><line number="548" hits="0" branch="true" condition-coverage="0% (0/2)"><conditions><condition number="0" type="jump" coverage="0%"/></conditions></line><line number="549" hits="0" branch="true" condition-coverage="0% (0/2)"><conditions><condition number="0" type="jump" coverage="0%"/></conditions></line><line number="550" hits="0" branch="true" condition-coverage="0% (0/2)"><conditions><condition number="0" type="jump" coverage="0%"/></conditions></line><line number="552" hits="0" branch="true" condition-coverage="0% (0/2)"><conditions><condition number="0" type="jump" coverage="0%"/></conditions></line><line number="553" hits="0" branch="true" condition-coverage="0% (0/2)"><conditions><condition number="0" type="jump" coverage="0%"/></conditions></line><line number="554" hits="0" branch="false"/><line number="555" hits="0" branch="false"/><line number="558" hits="0" branch="false"/><line number="561" hits="0" branch="false"/><line number="565" hits="0" branch="true" condition-coverage="0% (0/2)"><conditions><condition number="0" type="jump" coverage="0%"/></conditions></line><line number="566" hits="0" branch="true" condition-coverage="0% (0/2)"><conditions><condition number="0" type="jump" coverage="0%"/></conditions></line><line number="577" hits="0" branch="false"/><line number="579" hits="0" branch="false"/><line number="589" hits="0" branch="false"/><line number="595" hits="2" branch="false"/><line number="598" hits="2" branch="false"/><line number="600" hits="2" branch="true" condition-coverage="50% (1/2)"><conditions><condition number="0" type="jump" coverage="50%"/></conditions></line><line number="602" hits="2" branch="false"/><line number="604" hits="2" branch="false"/><line number="605" hits="2" branch="false"/><line number="606" hits="2" branch="true" condition-coverage="50% (1/2)"><conditions><condition number="0" type="jump" coverage="50%"/></conditions></line><line number="612" hits="2" branch="true" condition-coverage="50% (1/2)"><conditions><condition number="0" type="jump" coverage="50%"/></conditions></line><line number="613" hits="0" branch="false"/><line number="616" hits="2" branch="false"/><line number="628" hits="0" branch="false"/><line number="630" hits="0" branch="false"/><line number="631" hits="0" branch="false"/><line number="632" hits="0" branch="false"/><line number="634" hits="0" branch="false"/><line number="636" hits="0" branch="false"/><line number="638" hits="0" branch="true" condition-coverage="0% (0/2)"><conditions><condition number="0" type="jump" coverage="0%"/></conditions></line><line number="639" hits="0" branch="false"/><line number="641" hits="0" branch="true" condition-coverage="0% (0/4)"><conditions><condition number="0" type="jump" coverage="0%"/></conditions></line><line number="642" hits="0" branch="false"/><line number="644" hits="0" branch="true" condition-coverage="0% (0/2)"><conditions><condition number="0" type="jump" coverage="0%"/></conditions></line><line number="645" hits="0" branch="false"/><line number="648" hits="0" branch="false"/><line number="650" hits="0" branch="false"/><line number="658" hits="0" branch="false"/><line number="666" hits="0" branch="false"/><line number="675" hits="0" branch="false"/><line number="678" hits="0" branch="false"/><line number="679" hits="0" branch="true" condition-coverage="0% (0/2)"><conditions><condition number="0" type="jump" coverage="0%"/></conditions></line><line number="680" hits="0" branch="true" condition-coverage="0% (0/2)"><conditions><condition number="0" type="jump" coverage="0%"/></conditions></line><line number="681" hits="0" branch="false"/><line number="683" hits="0" branch="true" condition-coverage="0% (0/6)"><conditions><condition number="0" type="jump" coverage="0%"/></conditions></line><line number="693" hits="0" branch="false"/><line number="694" hits="0" branch="false"/><line number="695" hits="0" branch="false"/><line number="698" hits="0" branch="false"/><line number="700" hits="0" branch="true" condition-coverage="0% (0/2)"><conditions><condition number="0" type="jump" coverage="0%"/></conditions></line><line number="701" hits="0" branch="true" condition-coverage="0% (0/2)"><conditions><condition number="0" type="jump" coverage="0%"/></conditions></line><line number="702" hits="0" branch="true" condition-coverage="0% (0/2)"><conditions><condition number="0" type="jump" coverage="0%"/></conditions></line><line number="708" hits="0" branch="false"/><line number="709" hits="0" branch="false"/><line number="712" hits="0" branch="false"/><line number="716" hits="0" branch="false"/><line number="719" hits="0" branch="false"/><line number="721" hits="0" branch="false"/><line number="722" hits="0" branch="false"/><line number="723" hits="0" branch="true" condition-coverage="0% (0/2)"><conditions><condition number="0" type="jump" coverage="0%"/></conditions></line><line number="729" hits="0" branch="true" condition-coverage="0% (0/2)"><conditions><condition number="0" type="jump" coverage="0%"/></conditions></line><line number="730" hits="0" branch="false"/><line number="734" hits="0" branch="false"/><line number="742" hits="0" branch="false"/><line number="744" hits="0" branch="false"/><line number="745" hits="0" branch="false"/><line number="751" hits="0" branch="false"/><line number="753" hits="0" branch="false"/><line number="756" hits="0" branch="true" condition-coverage="0% (0/2)"><conditions><condition number="0" type="jump" coverage="0%"/></conditions></line><line number="757" hits="0" branch="false"/><line number="758" hits="0" branch="false"/><line number="760" hits="0" branch="false"/><line number="765" hits="4" branch="false"/><line number="767" hits="4" branch="false"/></lines></class></classes></package><package name="external.CUnit.Sources.Basic" line-rate="0.4727272727272727" branch-rate="0.22077922077922077" complexity="0.0"><classes><class name="Basic_c" filename="external/CUnit/Sources/Basic/Basic.c" line-rate="0.4727272727272727" branch-rate="0.22077922077922077" complexity="0.0"><methods/><lines><line number="77" hits="3" branch="false"/><line number="81" hits="3" branch="true" condition-coverage="50% (1/2)"><conditions><condition number="0" type="jump" coverage="50%"/></conditions></line><line number="82" hits="0" branch="true" condition-coverage="0% (0/2)"><conditions><condition number="0" type="jump" coverage="0%"/></conditions></line><line number="83" hits="0" branch="false"/><line number="84" hits="0" branch="false"/><line number="86" hits="3" branch="true" condition-coverage="50% (1/2)"><conditions><condition number="0" type="jump" coverage="50%"/></conditions></line><line number="87" hits="3" branch="false"/><line number="89" hits="3" branch="false"/><line number="93" hits="0" branch="false"/><line number="97" hits="0" branch="true" condition-coverage="0% (0/2)"><conditions><condition number="0" type="jump" coverage="0%"/></conditions></line><line number="98" hits="0" branch="false"/><line number="99" hits="0" branch="true" condition-coverage="0% (0/2)"><conditions><condition number="0" type="jump" coverage="0%"/></conditions></line><line number="100" hits="0" branch="false"/><line number="102" hits="0" branch="false"/><line number="106" hits="0" branch="false"/><line number="110" hits="0" branch="true" condition-coverage="0% (0/2)"><conditions><condition number="0" type="jump" coverage="0%"/></conditions></line><line number="111" hits="0" branch="false"/><line number="112" hits="0" branch="true" condition-coverage="0% (0/2)"><conditions><condition number="0" type="jump" coverage="0%"/></conditions></line><line number="113" hits="0" branch="false"/><line number="114" hits="0" branch="true" condition-coverage="0% (0/2)"><conditions><condition number="0" type="jump" coverage="0%"/></conditions></line><line number="115" hits="0" branch="false"/><line number="117" hits="0" branch="false"/><line number="121" hits="3" branch="false"/><line number="123" hits="3" branch="false"/><line number="124" hits="3" branch="false"/><line number="127" hits="0" branch="false"/><line number="129" hits="0" branch="false"/><line number="133" hits="0" branch="false"/><line number="137" hits="0" branch="true" condition-coverage="0% (0/2)"><conditions><condition number="0" type="jump" coverage="0%"/></conditions></line><line number="138" hits="0" branch="true" condition-coverage="0% (0/4)"><conditions><condition number="0" type="jump" coverage="0%"/></conditions></line><line number="139" hits="0" branch="false"/><line number="141" hits="0" branch="false"/><line number="143" hits="0" branch="false"/><line number="153" hits="3" branch="false"/><line number="156" hits="3" branch="false"/><line number="157" hits="3" branch="false"/><line number="159" hits="3" branch="false"/><line number="161" hits="3" branch="true" condition-coverage="50% (1/2)"><conditions><condition number="0" type="jump" coverage="50%"/></conditions></line><line number="162" hits="3" branch="false"/><line number="167" hits="3" branch="false"/><line number="168" hits="3" branch="false"/><line number="169" hits="3" branch="false"/><line number="170" hits="3" branch="false"/><line number="171" hits="3" branch="false"/><line number="173" hits="3" branch="false"/><line number="186" hits="3" branch="false"/><line number="188" hits="3" branch="false"/><line number="191" hits="3" branch="false"/><line number="193" hits="3" branch="true" condition-coverage="50% (1/2)"><conditions><condition number="0" type="jump" coverage="50%"/></conditions></line><line number="194" hits="0" branch="false"/><line number="195" hits="3" branch="false"/><line number="196" hits="3" branch="true" condition-coverage="50% (1/2)"><conditions><condition number="0" type="jump" coverage="50%"/></conditions></line><line number="197" hits="0" branch="false"/><line number="198" hits="3" branch="false"/><line number="207" hits="0" branch="false"/><line number="209" hits="0" branch="false"/><line number="210" hits="0" branch="false"/><line number="221" hits="0" branch="false"/><line number="223" hits="0" branch="false"/><line number="224" hits="0" branch="false"/><line number="232" hits="6" branch="false"/><line number="234" hits="6" branch="true" condition-coverage="50% (1/2)"><conditions><condition number="0" type="jump" coverage="50%"/></conditions></line><line number="235" hits="6" branch="true" condition-coverage="50% (1/2)"><conditions><condition number="0" type="jump" coverage="50%"/></conditions></line><line number="237" hits="6" branch="true" condition-coverage="50% (1/2)"><conditions><condition number="0" type="jump" coverage="50%"/></conditions></line><line number="238" hits="6" branch="true" condition-coverage="50% (1/2)"><conditions><condition number="0" type="jump" coverage="50%"/></conditions></line><line number="239" hits="6" branch="true" condition-coverage="75% (3/4)"><conditions><condition number="0" type="jump" coverage="75%"/></conditions></line><line number="240" hits="3" branch="true" condition-coverage="50% (1/2)"><conditions><condition number="0" type="jump" coverage="50%"/></conditions></line><line number="241" hits="3" branch="false"/><line number="242" hits="3" branch="false"/><line number="243" hits="3" branch="false"/><line number="246" hits="3" branch="false"/><line number="249" hits="6" branch="false"/><line number="257" hits="6" branch="false"/><line number="261" hits="6" branch="false"/><line number="264" hits="6" branch="true" condition-coverage="50% (1/2)"><conditions><condition number="0" type="jump" coverage="50%"/></conditions></line><line number="265" hits="6" branch="true" condition-coverage="50% (1/2)"><conditions><condition number="0" type="jump" coverage="50%"/></conditions></line><line number="267" hits="6" branch="true" condition-coverage="50% (1/2)"><conditions><condition number="0" type="jump" coverage="50%"/></conditions></line><line number="268" hits="6" branch="true" condition-coverage="50% (1/2)"><conditions><condition number="0" type="jump" coverage="50%"/></conditions></line><line number="269" hits="6" branch="false"/><line number="273" hits="0" branch="true" condition-coverage="0% (0/3)"><conditions><condition number="0" type="jump" coverage="0%"/></conditions></line><line number="275" hits="0" branch="false"/><line number="276" hits="0" branch="false"/><line number="278" hits="0" branch="true" condition-coverage="0% (0/2)"><conditions><condition number="0" type="jump" coverage="0%"/></conditions></line><line number="279" hits="0" branch="true" condition-coverage="0% (0/2)"><conditions><condition number="0" type="jump" coverage="0%"/></conditions></line><line number="280" hits="0" branch="false"/><line number="281" hits="0" branch="false"/><line number="283" hits="0" branch="false"/><line number="285" hits="0" branch="true" condition-coverage="0% (0/2)"><conditions><condition number="0" type="jump" coverage="0%"/></conditions></line><line number="286" hits="0" branch="true" condition-coverage="0% (0/2)"><conditions><condition number="0" type="jump" coverage="0%"/></conditions></line><line number="287" hits="0" branch="true" condition-coverage="0% (0/4)"><conditions><condition number="0" type="jump" coverage="0%"/></conditions></line><line number="288" hits="0" branch="false"/><line number="290" hits="0" branch="false"/><line number="294" hits="6" branch="false"/><line number="300" hits="3" branch="false"/><line number="303" hits="3" branch="false"/><line number="304" hits="3" branch="false"/><line number="305" hits="3" branch="false"/><line number="306" hits="3" branch="false"/><line number="312" hits="0" branch="false"/><line number="314" hits="0" branch="true" condition-coverage="0% (0/2)"><conditions><condition number="0" type="jump" coverage="0%"/></conditions></line><line number="315" hits="0" branch="true" condition-coverage="0% (0/2)"><conditions><condition number="0" type="jump" coverage="0%"/></conditions></line><line number="317" hits="0" branch="true" condition-coverage="0% (0/2)"><conditions><condition number="0" type="jump" coverage="0%"/></conditions></line><line number="318" hits="0" branch="false"/><line number="319" hits="0" branch="false"/><line number="325" hits="0" branch="false"/><line number="327" hits="0" branch="true" condition-coverage="0% (0/2)"><conditions><condition number="0" type="jump" coverage="0%"/></conditions></line><line number="328" hits="0" branch="true" condition-coverage="0% (0/2)"><conditions><condition number="0" type="jump" coverage="0%"/></conditions></line><line number="330" hits="0" branch="true" condition-coverage="0% (0/2)"><conditions><condition number="0" type="jump" coverage="0%"/></conditions></line><line number="331" hits="0" branch="false"/><line number="332" hits="0" branch="false"/></lines></class></classes></package><package name="external.CUnit.Sources.Console" line-rate="0.0" branch-rate="0.0" complexity="0.0"><classes><class name="Console_c" filename="external/CUnit/Sources/Console/Console.c" line-rate="0.0" branch-rate="0.0" complexity="0.0"><methods/><lines><line number="111" hits="0" branch="false"/><line number="117" hits="0" branch="false"/><line number="118" hits="0" branch="false"/><line number="120" hits="0" branch="false"/><line number="125" hits="0" branch="true" condition-coverage="0% (0/2)"><conditions><condition number="0" type="jump" coverage="0%"/></conditions></line><line number="126" hits="0" branch="false"/><line number="127" hits="0" branch="false"/><line number="130" hits="0" branch="false"/><line number="131" hits="0" branch="false"/><line number="133" hits="0" branch="false"/><line number="134" hits="0" branch="false"/><line number="135" hits="0" branch="false"/><line number="136" hits="0" branch="false"/><line number="137" hits="0" branch="false"/><line number="139" hits="0" branch="false"/><line number="141" hits="0" branch="false"/><line number="153" hits="0" branch="false"/><line number="156" hits="0" branch="false"/><line number="157" hits="0" branch="false"/><line number="160" hits="0" branch="true" condition-coverage="0% (0/2)"><conditions><condition number="0" type="jump" coverage="0%"/></conditions></line><line number="162" hits="0" branch="false"/><line number="166" hits="0" branch="false"/><line number="167" hits="0" branch="false"/><line number="169" hits="0" branch="true" condition-coverage="0% (0/2)"><conditions><condition number="0" type="jump" coverage="0%"/></conditions></line><line number="170" hits="0" branch="false"/><line number="173" hits="0" branch="true" condition-coverage="0% (0/2)"><conditions><condition number="0" type="jump" coverage="0%"/></conditions></line><line number="174" hits="0" branch="true" condition-coverage="0% (0/2)"><conditions><condition number="0" type="jump" coverage="0%"/></conditions></line><line number="175" hits="0" branch="true" condition-coverage="0% (0/2)"><conditions><condition number="0" type="jump" coverage="0%"/></conditions></line><line number="176" hits="0" branch="false"/><line number="177" hits="0" branch="false"/><line number="178" hits="0" branch="true" condition-coverage="0% (0/2)"><conditions><condition number="0" type="jump" coverage="0%"/></conditions></line><line number="179" hits="0" branch="false"/><line number="183" hits="0" branch="false"/><line number="187" hits="0" branch="true" condition-coverage="0% (0/2)"><conditions><condition number="0" type="jump" coverage="0%"/></conditions></line><line number="188" hits="0" branch="false"/><line number="191" hits="0" branch="true" condition-coverage="0% (0/2)"><conditions><condition number="0" type="jump" coverage="0%"/></conditions></line><line number="192" hits="0" branch="true" condition-coverage="0% (0/2)"><conditions><condition number="0" type="jump" coverage="0%"/></conditions></line><line number="193" hits="0" branch="false"/><line number="197" hits="0" branch="true" condition-coverage="0% (0/2)"><conditions><condition number="0" type="jump" coverage="0%"/></conditions></line><line number="198" hits="0" branch="false"/><line number="201" hits="0" branch="true" condition-coverage="0% (0/2)"><conditions><condition number="0" type="jump" coverage="0%"/></conditions></line><line number="202" hits="0" branch="false"/><line number="205" hits="0" branch="true" condition-coverage="0% (0/2)"><conditions><condition number="0" type="jump" coverage="0%"/></conditions></line><line number="206" hits="0" branch="false"/><line number="209" hits="0" branch="true" condition-coverage="0% (0/4)"><conditions><condition number="0" type="jump" coverage="0%"/></conditions></line><line number="210" hits="0" branch="false"/><line number="211" hits="0" branch="false"/><line number="212" hits="0" branch="false"/><line number="213" hits="0" branch="false"/><line number="214" hits="0" branch="false"/><line number="215" hits="0" branch="false"/><line number="216" hits="0" branch="false"/><line number="217" hits="0" branch="false"/><line number="220" hits="0" branch="false"/><line number="229" hits="0" branch="false"/><line number="232" hits="0" branch="false"/><line number="233" hits="0" branch="false"/><line number="236" hits="0" branch="true" condition-coverage="0% (0/2)"><conditions><condition number="0" type="jump" coverage="0%"/></conditions></line><line number="237" hits="0" branch="true" condition-coverage="0% (0/2)"><conditions><condition number="0" type="jump" coverage="0%"/></conditions></line><line number="239" hits="0" branch="true" condition-coverage="0% (0/2)"><conditions><condition number="0" type="jump" coverage="0%"/></conditions></line><line number="241" hits="0" branch="false"/><line number="245" hits="0" branch="false"/><line number="246" hits="0" branch="false"/><line number="248" hits="0" branch="true" condition-coverage="0% (0/2)"><conditions><condition number="0" type="jump" coverage="0%"/></conditions></line><line number="249" hits="0" branch="false"/><line number="252" hits="0" branch="true" condition-coverage="0% (0/2)"><conditions><condition number="0" type="jump" coverage="0%"/></conditions></line><line number="253" hits="0" branch="true" condition-coverage="0% (0/2)"><conditions><condition number="0" type="jump" coverage="0%"/></conditions></line><line number="254" hits="0" branch="false"/><line number="257" hits="0" branch="false"/><line number="261" hits="0" branch="true" condition-coverage="0% (0/2)"><conditions><condition number="0" type="jump" coverage="0%"/></conditions></line><line number="262" hits="0" branch="false"/><line number="265" hits="0" branch="true" condition-coverage="0% (0/2)"><conditions><condition number="0" type="jump" coverage="0%"/></conditions></line><line number="266" hits="0" branch="true" condition-coverage="0% (0/2)"><conditions><condition number="0" type="jump" coverage="0%"/></conditions></line><line number="267" hits="0" branch="false"/><line number="271" hits="0" branch="true" condition-coverage="0% (0/2)"><conditions><condition number="0" type="jump" coverage="0%"/></conditions></line><line number="272" hits="0" branch="false"/><line number="275" hits="0" branch="true" condition-coverage="0% (0/4)"><conditions><condition number="0" type="jump" coverage="0%"/></conditions></line><line number="276" hits="0" branch="false"/><line number="279" hits="0" branch="true" condition-coverage="0% (0/2)"><conditions><condition number="0" type="jump" coverage="0%"/></conditions></line><line number="280" hits="0" branch="false"/><line number="283" hits="0" branch="true" condition-coverage="0% (0/2)"><conditions><condition number="0" type="jump" coverage="0%"/></conditions></line><line number="284" hits="0" branch="false"/><line number="287" hits="0" branch="true" condition-coverage="0% (0/4)"><conditions><condition number="0" type="jump" coverage="0%"/></conditions></line><line number="288" hits="0" branch="false"/><line number="289" hits="0" branch="false"/><line number="290" hits="0" branch="false"/><line number="291" hits="0" branch="false"/><line number="292" hits="0" branch="false"/><line number="293" hits="0" branch="false"/><line number="294" hits="0" branch="false"/><line number="295" hits="0" branch="false"/><line number="296" hits="0" branch="false"/><line number="297" hits="0" branch="false"/><line number="298" hits="0" branch="false"/><line number="299" hits="0" branch="false"/><line number="302" hits="0" branch="false"/><line number="310" hits="0" branch="false"/><line number="313" hits="0" branch="false"/><line number="316" hits="0" branch="true" condition-coverage="0% (0/2)"><conditions><condition number="0" type="jump" coverage="0%"/></conditions></line><line number="317" hits="0" branch="false"/><line number="319" hits="0" branch="true" condition-coverage="0% (0/2)"><conditions><condition number="0" type="jump" coverage="0%"/></conditions></line><line number="320" hits="0" branch="false"/><line number="321" hits="0" branch="false"/><line number="322" hits="0" branch="false"/><line number="324" hits="0" branch="false"/><line number="325" hits="0" branch="false"/><line number="327" hits="0" branch="true" condition-coverage="0% (0/2)"><conditions><condition number="0" type="jump" coverage="0%"/></conditions></line><line number="329" hits="0" branch="false"/><line number="330" hits="0" branch="false"/><line number="333" hits="0" branch="false"/><line number="334" hits="0" branch="false"/><line number="337" hits="0" branch="false"/><line number="350" hits="0" branch="false"/><line number="352" hits="0" branch="false"/><line number="355" hits="0" branch="false"/><line number="357" hits="0" branch="true" condition-coverage="0% (0/2)"><conditions><condition number="0" type="jump" coverage="0%"/></conditions></line><line number="358" hits="0" branch="false"/><line number="360" hits="0" branch="false"/><line number="361" hits="0" branch="true" condition-coverage="0% (0/2)"><conditions><condition number="0" type="jump" coverage="0%"/></conditions></line><line number="362" hits="0" branch="false"/><line number="364" hits="0" branch="false"/><line number="374" hits="0" branch="false"/><line number="376" hits="0" branch="false"/><line number="377" hits="0" branch="false"/><line number="388" hits="0" branch="false"/><line number="390" hits="0" branch="false"/><line number="391" hits="0" branch="false"/><line number="406" hits="0" branch="false"/><line number="410" hits="0" branch="true" condition-coverage="0% (0/2)"><conditions><condition number="0" type="jump" coverage="0%"/></conditions></line><line number="411" hits="0" branch="true" condition-coverage="0% (0/2)"><conditions><condition number="0" type="jump" coverage="0%"/></conditions></line><line number="412" hits="0" branch="false"/><line number="414" hits="0" branch="true" condition-coverage="0% (0/2)"><conditions><condition number="0" type="jump" coverage="0%"/></conditions></line><line number="415" hits="0" branch="false"/><line number="416" hits="0" branch="false"/><line number="419" hits="0" branch="false"/><line number="420" hits="0" branch="false"/><line number="421" hits="0" branch="false"/><line number="423" hits="0" branch="false"/><line number="425" hits="0" branch="false"/><line number="428" hits="0" branch="true" condition-coverage="0% (0/2)"><conditions><condition number="0" type="jump" coverage="0%"/></conditions></line><line number="445" hits="0" branch="false"/><line number="449" hits="0" branch="true" condition-coverage="0% (0/2)"><conditions><condition number="0" type="jump" coverage="0%"/></conditions></line><line number="450" hits="0" branch="false"/><line number="453" hits="0" branch="true" condition-coverage="0% (0/2)"><conditions><condition number="0" type="jump" coverage="0%"/></conditions></line><line number="454" hits="0" branch="false"/><line number="455" hits="0" branch="false"/><line number="458" hits="0" branch="false"/><line number="459" hits="0" branch="false"/><line number="460" hits="0" branch="false"/><line number="462" hits="0" branch="false"/><line number="464" hits="0" branch="false"/><line number="467" hits="0" branch="true" condition-coverage="0% (0/2)"><conditions><condition number="0" type="jump" coverage="0%"/></conditions></line><line number="475" hits="0" branch="false"/><line number="477" hits="0" branch="false"/><line number="481" hits="0" branch="true" condition-coverage="0% (0/2)"><conditions><condition number="0" type="jump" coverage="0%"/></conditions></line><line number="482" hits="0" branch="false"/><line number="485" hits="0" branch="true" condition-coverage="0% (0/2)"><conditions><condition number="0" type="jump" coverage="0%"/></conditions></line><line number="486" hits="0" branch="true" condition-coverage="0% (0/2)"><conditions><condition number="0" type="jump" coverage="0%"/></conditions></line><line number="487" hits="0" branch="false"/><line number="488" hits="0" branch="false"/><line number="491" hits="0" branch="true" condition-coverage="0% (0/2)"><conditions><condition number="0" type="jump" coverage="0%"/></conditions></line><line number="494" hits="0" branch="true" condition-coverage="0% (0/2)"><conditions><condition number="0" type="jump" coverage="0%"/></conditions></line><line number="495" hits="0" branch="false"/><line number="496" hits="0" branch="false"/><line number="497" hits="0" branch="false"/><line number="498" hits="0" branch="false"/><line number="499" hits="0" branch="true" condition-coverage="0% (0/2)"><conditions><condition number="0" type="jump" coverage="0%"/></conditions></line><line number="500" hits="0" branch="false"/><line number="503" hits="0" branch="false"/><line number="504" hits="0" branch="false"/><line number="512" hits="0" branch="true" condition-coverage="0% (0/2)"><conditions><condition number="0" type="jump" coverage="0%"/></conditions></line><line number="513" hits="0" branch="true" condition-coverage="0% (0/2)"><conditions><condition number="0" type="jump" coverage="0%"/></conditions></line><line number="514" hits="0" branch="true" condition-coverage="0% (0/6)"><conditions><condition number="0" type="jump" coverage="0%"/></conditions></line><line number="516" hits="0" branch="false"/><line number="517" hits="0" branch="false"/><line number="518" hits="0" branch="false"/><line number="520" hits="0" branch="false"/><line number="522" hits="0" branch="false"/><line number="523" hits="0" branch="false"/><line number="524" hits="0" branch="false"/><line number="532" hits="0" branch="false"/><line number="534" hits="0" branch="false"/><line number="538" hits="0" branch="true" condition-coverage="0% (0/2)"><conditions><condition number="0" type="jump" coverage="0%"/></conditions></line><line number="539" hits="0" branch="true" condition-coverage="0% (0/2)"><conditions><condition number="0" type="jump" coverage="0%"/></conditions></line><line number="541" hits="0" branch="true" condition-coverage="0% (0/2)"><conditions><condition number="0" type="jump" coverage="0%"/></conditions></line><line number="542" hits="0" branch="false"/><line number="543" hits="0" branch="false"/><line number="544" hits="0" branch="false"/><line number="545" hits="0" branch="false"/><line number="548" hits="0" branch="true" condition-coverage="0% (0/2)"><conditions><condition number="0" type="jump" coverage="0%"/></conditions></line><line number="551" hits="0" branch="false"/><line number="552" hits="0" branch="true" condition-coverage="0% (0/2)"><conditions><condition number="0" type="jump" coverage="0%"/></conditions></line><line number="553" hits="0" branch="false"/><line number="554" hits="0" branch="false"/><line number="557" hits="0" branch="false"/><line number="559" hits="0" branch="false"/><line number="560" hits="0" branch="false"/><line number="565" hits="0" branch="true" condition-coverage="0% (0/2)"><conditions><condition number="0" type="jump" coverage="0%"/></conditions></line><line number="567" hits="0" branch="false"/><line number="568" hits="0" branch="true" condition-coverage="0% (0/2)"><conditions><condition number="0" type="jump" coverage="0%"/></conditions></line><line number="569" hits="0" branch="true" condition-coverage="0% (0/2)"><conditions><condition number="0" type="jump" coverage="0%"/></conditions></line><line number="571" hits="0" branch="false"/><line number="572" hits="0" branch="false"/><line number="574" hits="0" branch="false"/><line number="575" hits="0" branch="false"/><line number="576" hits="0" branch="false"/><line number="581" hits="0" branch="false"/><line number="584" hits="0" branch="false"/><line number="586" hits="0" branch="true" condition-coverage="0% (0/2)"><conditions><condition number="0" type="jump" coverage="0%"/></conditions></line><line number="587" hits="0" branch="false"/><line number="591" hits="0" branch="false"/><line number="593" hits="0" branch="false"/><line number="596" hits="0" branch="true" condition-coverage="0% (0/2)"><conditions><condition number="0" type="jump" coverage="0%"/></conditions></line><line number="597" hits="0" branch="true" condition-coverage="0% (0/8)"><conditions><condition number="0" type="jump" coverage="0%"/></conditions></line><line number="598" hits="0" branch="false"/><line number="601" hits="0" branch="true" condition-coverage="0% (0/2)"><conditions><condition number="0" type="jump" coverage="0%"/></conditions></line><line number="602" hits="0" branch="false"/><line number="603" hits="0" branch="true" condition-coverage="0% (0/2)"><conditions><condition number="0" type="jump" coverage="0%"/></conditions></line><line number="604" hits="0" branch="false"/><line number="605" hits="0" branch="false"/><line number="608" hits="0" branch="false"/><line number="609" hits="0" branch="false"/><line number="610" hits="0" branch="false"/><line number="611" hits="0" branch="false"/><line number="613" hits="0" branch="false"/><line number="620" hits="0" branch="false"/><line number="622" hits="0" branch="true" condition-coverage="0% (0/2)"><conditions><condition number="0" type="jump" coverage="0%"/></conditions></line><line number="623" hits="0" branch="true" condition-coverage="0% (0/2)"><conditions><condition number="0" type="jump" coverage="0%"/></conditions></line><line number="624" hits="0" branch="true" condition-coverage="0% (0/2)"><conditions><condition number="0" type="jump" coverage="0%"/></conditions></line><line number="625" hits="0" branch="true" condition-coverage="0% (0/2)"><conditions><condition number="0" type="jump" coverage="0%"/></conditions></line><line number="628" hits="0" branch="true" condition-coverage="0% (0/4)"><conditions><condition number="0" type="jump" coverage="0%"/></conditions></line><line number="629" hits="0" branch="false"/><line number="630" hits="0" branch="false"/><line number="631" hits="0" branch="false"/><line number="634" hits="0" branch="false"/><line number="636" hits="0" branch="false"/><line number="644" hits="0" branch="false"/><line number="655" hits="0" branch="false"/><line number="661" hits="0" branch="false"/><line number="664" hits="0" branch="false"/><line number="665" hits="0" branch="false"/><line number="666" hits="0" branch="false"/><line number="667" hits="0" branch="false"/><line number="673" hits="0" branch="false"/><line number="675" hits="0" branch="true" condition-coverage="0% (0/2)"><conditions><condition number="0" type="jump" coverage="0%"/></conditions></line><line number="676" hits="0" branch="true" condition-coverage="0% (0/2)"><conditions><condition number="0" type="jump" coverage="0%"/></conditions></line><line number="678" hits="0" branch="false"/><line number="680" hits="0" branch="false"/><line number="686" hits="0" branch="false"/><line number="688" hits="0" branch="true" condition-coverage="0% (0/2)"><conditions><condition number="0" type="jump" coverage="0%"/></conditions></line><line number="689" hits="0" branch="true" condition-coverage="0% (0/2)"><conditions><condition number="0" type="jump" coverage="0%"/></conditions></line><line number="691" hits="0" branch="false"/><line number="692" hits="0" branch="false"/></lines></class></classes></package><package name="external.CUnit.Sources.Framework" line-rate="0.4168564920273349" branch-rate="0.23742138364779874" complexity="0.0"><classes><class name="CUError_c" filename="external/CUnit/Sources/Framework/CUError.c" line-rate="0.2727272727272727" branch-rate="0.375" complexity="0.0"><methods/><lines><line number="63" hits="29" branch="false"/><line number="65" hits="29" branch="true" condition-coverage="75% (3/4)"><conditions><condition number="0" type="jump" coverage="75%"/></conditions></line><line number="67" hits="0" branch="false"/><line number="70" hits="0" branch="false"/><line number="76" hits="29" branch="false"/><line number="77" hits="29" branch="false"/><line number="80" hits="8" branch="false"/><line number="82" hits="8" branch="false"/><line number="86" hits="0" branch="false"/><line number="88" hits="0" branch="false"/><line number="92" hits="0" branch="false"/><line number="94" hits="0" branch="false"/><line number="95" hits="0" branch="false"/><line number="98" hits="0" branch="false"/><line number="100" hits="0" branch="false"/><line number="115" hits="0" branch="false"/><line number="167" hits="0" branch="false"/><line number="168" hits="0" branch="true" condition-coverage="0% (0/2)"><conditions><condition number="0" type="jump" coverage="0%"/></conditions></line><line number="169" hits="0" branch="false"/><line number="171" hits="0" branch="true" condition-coverage="0% (0/2)"><conditions><condition number="0" type="jump" coverage="0%"/></conditions></line><line number="172" hits="0" branch="false"/><line number="175" hits="0" branch="false"/></lines></class><class name="TestDB_c" filename="external/CUnit/Sources/Framework/TestDB.c" line-rate="0.3916083916083916" branch-rate="0.22727272727272727" complexity="0.0"><methods/><lines><line number="94" hits="3" branch="false"/><line number="98" hits="3" branch="true" condition-coverage="50% (1/2)"><conditions><condition number="0" type="jump" coverage="50%"/></conditions></line><line number="100" hits="3" branch="false"/><line number="102" hits="3" branch="true" condition-coverage="50% (1/2)"><conditions><condition number="0" type="jump" coverage="50%"/></conditions></line><line number="103" hits="0" branch="false"/><line number="106" hits="3" branch="false"/><line number="107" hits="3" branch="true" condition-coverage="50% (1/2)"><conditions><condition number="0" type="jump" coverage="50%"/></conditions></line><line number="108" hits="0" branch="false"/><line number="111" hits="3" branch="false"/><line number="115" hits="0" branch="false"/><line number="117" hits="0" branch="false"/><line number="121" hits="3" branch="false"/><line number="123" hits="3" branch="true" condition-coverage="50% (1/2)"><conditions><condition number="0" type="jump" coverage="50%"/></conditions></line><line number="125" hits="3" branch="false"/><line number="126" hits="3" branch="false"/><line number="127" hits="3" branch="false"/><line number="129" hits="3" branch="false"/><line number="132" hits="16" branch="false"/><line number="134" hits="16" branch="false"/><line number="138" hits="0" branch="false"/><line number="140" hits="0" branch="false"/><line number="142" hits="0" branch="true" condition-coverage="0% (0/2)"><conditions><condition number="0" type="jump" coverage="0%"/></conditions></line><line number="144" hits="0" branch="false"/><line number="145" hits="0" branch="false"/><line number="146" hits="0" branch="false"/><line number="150" hits="3" branch="false"/><line number="152" hits="3" branch="false"/><line number="153" hits="3" branch="false"/><line number="155" hits="3" branch="true" condition-coverage="50% (1/2)"><conditions><condition number="0" type="jump" coverage="50%"/></conditions></line><line number="157" hits="3" branch="true" condition-coverage="50% (1/2)"><conditions><condition number="0" type="jump" coverage="50%"/></conditions></line><line number="158" hits="0" branch="false"/><line number="160" hits="3" branch="true" condition-coverage="50% (1/2)"><conditions><condition number="0" type="jump" coverage="50%"/></conditions></line><line number="161" hits="0" branch="false"/><line number="164" hits="3" branch="false"/><line number="165" hits="3" branch="true" condition-coverage="50% (1/2)"><conditions><condition number="0" type="jump" coverage="50%"/></conditions></line><line number="166" hits="0" branch="false"/><line number="169" hits="3" branch="true" condition-coverage="50% (1/2)"><conditions><condition number="0" type="jump" coverage="50%"/></conditions></line><line number="170" hits="0" branch="false"/><line number="172" hits="3" branch="false"/><line number="176" hits="3" branch="false"/><line number="177" hits="3" branch="false"/><line number="181" hits="3" branch="false"/><line number="183" hits="3" branch="false"/><line number="187" hits="0" branch="false"/><line number="189" hits="0" branch="false"/><line number="191" hits="0" branch="true" condition-coverage="0% (0/2)"><conditions><condition number="0" type="jump" coverage="0%"/></conditions></line><line number="192" hits="0" branch="false"/><line number="195" hits="0" branch="false"/><line number="198" hits="0" branch="false"/><line number="199" hits="0" branch="false"/><line number="203" hits="0" branch="false"/><line number="205" hits="0" branch="false"/><line number="207" hits="0" branch="true" condition-coverage="0% (0/2)"><conditions><condition number="0" type="jump" coverage="0%"/></conditions></line><line number="208" hits="0" branch="false"/><line number="210" hits="0" branch="true" condition-coverage="0% (0/2)"><conditions><condition number="0" type="jump" coverage="0%"/></conditions></line><line number="211" hits="0" branch="false"/><line number="214" hits="0" branch="false"/><line number="215" hits="0" branch="false"/><line number="216" hits="0" branch="false"/><line number="219" hits="0" branch="false"/><line number="220" hits="0" branch="false"/><line number="224" hits="0" branch="false"/><line number="226" hits="0" branch="false"/><line number="228" hits="0" branch="true" condition-coverage="0% (0/2)"><conditions><condition number="0" type="jump" coverage="0%"/></conditions></line><line number="229" hits="0" branch="false"/><line number="232" hits="0" branch="false"/><line number="235" hits="0" branch="false"/><line number="236" hits="0" branch="false"/><line number="240" hits="0" branch="false"/><line number="242" hits="0" branch="false"/><line number="244" hits="0" branch="true" condition-coverage="0% (0/2)"><conditions><condition number="0" type="jump" coverage="0%"/></conditions></line><line number="245" hits="0" branch="false"/><line number="248" hits="0" branch="false"/><line number="251" hits="0" branch="false"/><line number="252" hits="0" branch="false"/><line number="256" hits="0" branch="false"/><line number="258" hits="0" branch="false"/><line number="259" hits="0" branch="false"/><line number="261" hits="0" branch="true" condition-coverage="0% (0/2)"><conditions><condition number="0" type="jump" coverage="0%"/></conditions></line><line number="262" hits="0" branch="false"/><line number="264" hits="0" branch="true" condition-coverage="0% (0/2)"><conditions><condition number="0" type="jump" coverage="0%"/></conditions></line><line number="265" hits="0" branch="false"/><line number="268" hits="0" branch="false"/><line number="271" hits="0" branch="false"/><line number="272" hits="0" branch="false"/><line number="276" hits="0" branch="false"/><line number="278" hits="0" branch="false"/><line number="279" hits="0" branch="false"/><line number="281" hits="0" branch="true" condition-coverage="0% (0/2)"><conditions><condition number="0" type="jump" coverage="0%"/></conditions></line><line number="282" hits="0" branch="false"/><line number="285" hits="0" branch="false"/><line number="288" hits="0" branch="false"/><line number="289" hits="0" branch="false"/><line number="293" hits="0" branch="false"/><line number="295" hits="0" branch="false"/><line number="296" hits="0" branch="false"/><line number="297" hits="0" branch="false"/><line number="299" hits="0" branch="true" condition-coverage="0% (0/2)"><conditions><condition number="0" type="jump" coverage="0%"/></conditions></line><line number="300" hits="0" branch="false"/><line number="302" hits="0" branch="true" condition-coverage="0% (0/2)"><conditions><condition number="0" type="jump" coverage="0%"/></conditions></line><line number="303" hits="0" branch="false"/><line number="306" hits="0" branch="false"/><line number="307" hits="0" branch="false"/><line number="308" hits="0" branch="true" condition-coverage="0% (0/4)"><conditions><condition number="0" type="jump" coverage="0%"/></conditions></line><line number="309" hits="0" branch="false"/><line number="310" hits="0" branch="false"/><line number="312" hits="0" branch="true" condition-coverage="0% (0/2)"><conditions><condition number="0" type="jump" coverage="0%"/></conditions></line><line number="313" hits="0" branch="false"/><line number="317" hits="0" branch="false"/><line number="318" hits="0" branch="false"/><line number="322" hits="0" branch="false"/><line number="324" hits="0" branch="false"/><line number="325" hits="0" branch="false"/><line number="326" hits="0" branch="false"/><line number="328" hits="0" branch="true" condition-coverage="0% (0/2)"><conditions><condition number="0" type="jump" coverage="0%"/></conditions></line><line number="329" hits="0" branch="false"/><line number="331" hits="0" branch="true" condition-coverage="0% (0/2)"><conditions><condition number="0" type="jump" coverage="0%"/></conditions></line><line number="332" hits="0" branch="false"/><line number="335" hits="0" branch="false"/><line number="336" hits="0" branch="false"/><line number="337" hits="0" branch="true" condition-coverage="0% (0/4)"><conditions><condition number="0" type="jump" coverage="0%"/></conditions></line><line number="338" hits="0" branch="false"/><line number="339" hits="0" branch="false"/><line number="341" hits="0" branch="true" condition-coverage="0% (0/2)"><conditions><condition number="0" type="jump" coverage="0%"/></conditions></line><line number="342" hits="0" branch="false"/><line number="346" hits="0" branch="false"/><line number="347" hits="0" branch="false"/><line number="351" hits="6" branch="false"/><line number="353" hits="6" branch="false"/><line number="354" hits="6" branch="false"/><line number="356" hits="6" branch="true" condition-coverage="50% (1/2)"><conditions><condition number="0" type="jump" coverage="50%"/></conditions></line><line number="358" hits="6" branch="true" condition-coverage="50% (1/2)"><conditions><condition number="0" type="jump" coverage="50%"/></conditions></line><line number="359" hits="0" branch="false"/><line number="361" hits="6" branch="true" condition-coverage="50% (1/2)"><conditions><condition number="0" type="jump" coverage="50%"/></conditions></line><line number="362" hits="0" branch="false"/><line number="364" hits="6" branch="true" condition-coverage="50% (1/2)"><conditions><condition number="0" type="jump" coverage="50%"/></conditions></line><line number="365" hits="0" branch="false"/><line number="367" hits="6" branch="true" condition-coverage="50% (1/2)"><conditions><condition number="0" type="jump" coverage="50%"/></conditions></line><line number="368" hits="0" branch="false"/><line number="371" hits="6" branch="false"/><line number="372" hits="6" branch="true" condition-coverage="50% (1/2)"><conditions><condition number="0" type="jump" coverage="50%"/></conditions></line><line number="373" hits="0" branch="false"/><line number="376" hits="6" branch="false"/><line number="377" hits="6" branch="true" condition-coverage="50% (1/2)"><conditions><condition number="0" type="jump" coverage="50%"/></conditions></line><line number="378" hits="0" branch="false"/><line number="380" hits="6" branch="false"/><line number="384" hits="6" branch="false"/><line number="385" hits="6" branch="false"/><line number="389" hits="0" branch="false"/><line number="391" hits="0" branch="false"/><line number="393" hits="0" branch="true" condition-coverage="0% (0/2)"><conditions><condition number="0" type="jump" coverage="0%"/></conditions></line><line number="394" hits="0" branch="false"/><line number="397" hits="0" branch="false"/><line number="400" hits="0" branch="false"/><line number="401" hits="0" branch="false"/><line number="405" hits="0" branch="false"/><line number="407" hits="0" branch="false"/><line number="409" hits="0" branch="true" condition-coverage="0% (0/2)"><conditions><condition number="0" type="jump" coverage="0%"/></conditions></line><line number="410" hits="0" branch="false"/><line number="412" hits="0" branch="true" condition-coverage="0% (0/2)"><conditions><condition number="0" type="jump" coverage="0%"/></conditions></line><line number="413" hits="0" branch="false"/><line number="416" hits="0" branch="false"/><line number="417" hits="0" branch="false"/><line number="418" hits="0" branch="false"/><line number="421" hits="0" branch="false"/><line number="422" hits="0" branch="false"/><line number="426" hits="0" branch="false"/><line number="428" hits="0" branch="false"/><line number="430" hits="0" branch="true" condition-coverage="0% (0/4)"><conditions><condition number="0" type="jump" coverage="0%"/></conditions></line><line number="431" hits="0" branch="false"/><line number="434" hits="0" branch="false"/><line number="437" hits="0" branch="false"/><line number="438" hits="0" branch="false"/><line number="442" hits="0" branch="false"/><line number="444" hits="0" branch="false"/><line number="445" hits="0" branch="false"/><line number="447" hits="0" branch="true" condition-coverage="0% (0/2)"><conditions><condition number="0" type="jump" coverage="0%"/></conditions></line><line number="448" hits="0" branch="false"/><line number="450" hits="0" branch="true" condition-coverage="0% (0/2)"><conditions><condition number="0" type="jump" coverage="0%"/></conditions></line><line number="451" hits="0" branch="false"/><line number="453" hits="0" branch="true" condition-coverage="0% (0/2)"><conditions><condition number="0" type="jump" coverage="0%"/></conditions></line><line number="454" hits="0" branch="false"/><line number="457" hits="0" branch="false"/><line number="460" hits="0" branch="false"/><line number="461" hits="0" branch="false"/><line number="465" hits="0" branch="false"/><line number="467" hits="0" branch="false"/><line number="468" hits="0" branch="false"/><line number="470" hits="0" branch="true" condition-coverage="0% (0/2)"><conditions><condition number="0" type="jump" coverage="0%"/></conditions></line><line number="471" hits="0" branch="false"/><line number="473" hits="0" branch="true" condition-coverage="0% (0/2)"><conditions><condition number="0" type="jump" coverage="0%"/></conditions></line><line number="474" hits="0" branch="false"/><line number="477" hits="0" branch="false"/><line number="480" hits="0" branch="false"/><line number="481" hits="0" branch="false"/><line number="485" hits="0" branch="false"/><line number="487" hits="0" branch="false"/><line number="488" hits="0" branch="false"/><line number="489" hits="0" branch="false"/><line number="491" hits="0" branch="true" condition-coverage="0% (0/2)"><conditions><condition number="0" type="jump" coverage="0%"/></conditions></line><line number="492" hits="0" branch="false"/><line number="494" hits="0" branch="true" condition-coverage="0% (0/2)"><conditions><condition number="0" type="jump" coverage="0%"/></conditions></line><line number="495" hits="0" branch="false"/><line number="497" hits="0" branch="true" condition-coverage="0% (0/2)"><conditions><condition number="0" type="jump" coverage="0%"/></conditions></line><line number="498" hits="0" branch="false"/><line number="501" hits="0" branch="false"/><line number="502" hits="0" branch="false"/><line number="503" hits="0" branch="true" condition-coverage="0% (0/4)"><conditions><condition number="0" type="jump" coverage="0%"/></conditions></line><line number="504" hits="0" branch="false"/><line number="505" hits="0" branch="false"/><line number="507" hits="0" branch="true" condition-coverage="0% (0/2)"><conditions><condition number="0" type="jump" coverage="0%"/></conditions></line><line number="508" hits="0" branch="false"/><line number="512" hits="0" branch="false"/><line number="513" hits="0" branch="false"/><line number="517" hits="0" branch="false"/><line number="519" hits="0" branch="false"/><line number="520" hits="0" branch="false"/><line number="521" hits="0" branch="false"/><line number="523" hits="0" branch="true" condition-coverage="0% (0/2)"><conditions><condition number="0" type="jump" coverage="0%"/></conditions></line><line number="524" hits="0" branch="false"/><line number="526" hits="0" branch="true" condition-coverage="0% (0/2)"><conditions><condition number="0" type="jump" coverage="0%"/></conditions></line><line number="527" hits="0" branch="false"/><line number="529" hits="0" branch="true" condition-coverage="0% (0/2)"><conditions><condition number="0" type="jump" coverage="0%"/></conditions></line><line number="530" hits="0" branch="false"/><line number="533" hits="0" branch="false"/><line number="534" hits="0" branch="false"/><line number="535" hits="0" branch="true" condition-coverage="0% (0/4)"><conditions><condition number="0" type="jump" coverage="0%"/></conditions></line><line number="536" hits="0" branch="false"/><line number="537" hits="0" branch="false"/><line number="539" hits="0" branch="true" condition-coverage="0% (0/2)"><conditions><condition number="0" type="jump" coverage="0%"/></conditions></line><line number="540" hits="0" branch="false"/><line number="544" hits="0" branch="false"/><line number="545" hits="0" branch="false"/><line number="571" hits="0" branch="false"/><line number="573" hits="0" branch="false"/><line number="574" hits="0" branch="false"/><line number="575" hits="0" branch="false"/><line number="580" hits="0" branch="false"/><line number="582" hits="0" branch="true" condition-coverage="0% (0/2)"><conditions><condition number="0" type="jump" coverage="0%"/></conditions></line><line number="583" hits="0" branch="false"/><line number="584" hits="0" branch="true" condition-coverage="0% (0/2)"><conditions><condition number="0" type="jump" coverage="0%"/></conditions></line><line number="585" hits="0" branch="true" condition-coverage="0% (0/2)"><conditions><condition number="0" type="jump" coverage="0%"/></conditions></line><line number="586" hits="0" branch="true" condition-coverage="0% (0/2)"><conditions><condition number="0" type="jump" coverage="0%"/></conditions></line><line number="587" hits="0" branch="true" condition-coverage="0% (0/2)"><conditions><condition number="0" type="jump" coverage="0%"/></conditions></line><line number="588" hits="0" branch="true" condition-coverage="0% (0/2)"><conditions><condition number="0" type="jump" coverage="0%"/></conditions></line><line number="589" hits="0" branch="false"/><line number="594" hits="0" branch="false"/><line number="599" hits="0" branch="false"/><line number="603" hits="0" branch="false"/><line number="605" hits="0" branch="false"/><line number="627" hits="3" branch="false"/><line number="629" hits="3" branch="false"/><line number="630" hits="3" branch="false"/><line number="632" hits="3" branch="true" condition-coverage="50% (1/2)"><conditions><condition number="0" type="jump" coverage="50%"/></conditions></line><line number="634" hits="3" branch="false"/><line number="635" hits="6" branch="true" condition-coverage="100% (2/2)"><conditions><condition number="0" type="jump" coverage="100%"/></conditions></line><line number="636" hits="3" branch="false"/><line number="637" hits="3" branch="false"/><line number="639" hits="3" branch="false"/><line number="640" hits="3" branch="false"/><line number="642" hits="3" branch="false"/><line number="643" hits="3" branch="false"/><line number="644" hits="3" branch="false"/><line number="645" hits="3" branch="false"/><line number="663" hits="3" branch="false"/><line number="665" hits="3" branch="false"/><line number="667" hits="3" branch="true" condition-coverage="50% (1/2)"><conditions><condition number="0" type="jump" coverage="50%"/></conditions></line><line number="669" hits="3" branch="true" condition-coverage="50% (1/2)"><conditions><condition number="0" type="jump" coverage="50%"/></conditions></line><line number="670" hits="3" branch="false"/><line number="671" hits="3" branch="true" condition-coverage="50% (1/2)"><conditions><condition number="0" type="jump" coverage="50%"/></conditions></line><line number="672" hits="3" branch="false"/><line number="673" hits="3" branch="false"/><line number="674" hits="3" branch="false"/><line number="675" hits="3" branch="false"/><line number="676" hits="3" branch="false"/><line number="677" hits="3" branch="false"/><line number="678" hits="3" branch="false"/><line number="679" hits="3" branch="false"/><line number="680" hits="3" branch="false"/><line number="681" hits="3" branch="false"/><line number="684" hits="0" branch="false"/><line number="685" hits="0" branch="false"/><line number="689" hits="3" branch="false"/><line number="703" hits="3" branch="false"/><line number="705" hits="3" branch="false"/><line number="706" hits="3" branch="false"/><line number="708" hits="3" branch="true" condition-coverage="50% (1/2)"><conditions><condition number="0" type="jump" coverage="50%"/></conditions></line><line number="710" hits="3" branch="false"/><line number="711" hits="9" branch="true" condition-coverage="100% (2/2)"><conditions><condition number="0" type="jump" coverage="100%"/></conditions></line><line number="712" hits="6" branch="false"/><line number="714" hits="6" branch="false"/><line number="716" hits="6" branch="false"/><line number="717" hits="6" branch="false"/><line number="719" hits="3" branch="true" condition-coverage="50% (1/2)"><conditions><condition number="0" type="jump" coverage="50%"/></conditions></line><line number="720" hits="3" branch="false"/><line number="723" hits="3" branch="false"/><line number="724" hits="3" branch="false"/><line number="725" hits="3" branch="false"/><line number="726" hits="3" branch="false"/><line number="740" hits="3" branch="false"/><line number="742" hits="3" branch="false"/><line number="744" hits="3" branch="true" condition-coverage="50% (1/2)"><conditions><condition number="0" type="jump" coverage="50%"/></conditions></line><line number="745" hits="3" branch="true" condition-coverage="50% (1/2)"><conditions><condition number="0" type="jump" coverage="50%"/></conditions></line><line number="747" hits="3" branch="false"/><line number="749" hits="3" branch="true" condition-coverage="50% (1/2)"><conditions><condition number="0" type="jump" coverage="50%"/></conditions></line><line number="751" hits="3" branch="false"/><line number="752" hits="3" branch="false"/><line number="755" hits="3" branch="true" condition-coverage="50% (1/2)"><conditions><condition number="0" type="jump" coverage="50%"/></conditions></line><line number="756" hits="3" branch="false"/><line number="757" hits="3" branch="false"/><line number="761" hits="0" branch="true" condition-coverage="0% (0/2)"><conditions><condition number="0" type="jump" coverage="0%"/></conditions></line><line number="762" hits="0" branch="false"/><line number="763" hits="0" branch="true" condition-coverage="0% (0/2)"><conditions><condition number="0" type="jump" coverage="0%"/></conditions></line><line number="766" hits="0" branch="false"/><line number="767" hits="0" branch="false"/><line number="769" hits="3" branch="false"/><line number="785" hits="6" branch="false"/><line number="787" hits="6" branch="false"/><line number="789" hits="6" branch="true" condition-coverage="50% (1/2)"><conditions><condition number="0" type="jump" coverage="50%"/></conditions></line><line number="791" hits="6" branch="true" condition-coverage="50% (1/2)"><conditions><condition number="0" type="jump" coverage="50%"/></conditions></line><line number="792" hits="6" branch="false"/><line number="793" hits="6" branch="true" condition-coverage="50% (1/2)"><conditions><condition number="0" type="jump" coverage="50%"/></conditions></line><line number="794" hits="6" branch="false"/><line number="795" hits="6" branch="false"/><line number="796" hits="6" branch="false"/><line number="797" hits="6" branch="false"/><line number="798" hits="6" branch="false"/><line number="799" hits="6" branch="false"/><line number="802" hits="0" branch="false"/><line number="803" hits="0" branch="false"/><line number="807" hits="6" branch="false"/><line number="820" hits="6" branch="false"/><line number="822" hits="6" branch="true" condition-coverage="50% (1/2)"><conditions><condition number="0" type="jump" coverage="50%"/></conditions></line><line number="824" hits="6" branch="true" condition-coverage="50% (1/2)"><conditions><condition number="0" type="jump" coverage="50%"/></conditions></line><line number="825" hits="6" branch="false"/><line number="828" hits="6" branch="false"/><line number="829" hits="6" branch="false"/><line number="845" hits="6" branch="false"/><line number="847" hits="6" branch="false"/><line number="849" hits="6" branch="true" condition-coverage="50% (1/2)"><conditions><condition number="0" type="jump" coverage="50%"/></conditions></line><line number="850" hits="6" branch="true" condition-coverage="50% (1/2)"><conditions><condition number="0" type="jump" coverage="50%"/></conditions></line><line number="851" hits="6" branch="true" condition-coverage="50% (1/2)"><conditions><condition number="0" type="jump" coverage="50%"/></conditions></line><line number="852" hits="6" branch="true" condition-coverage="50% (1/2)"><conditions><condition number="0" type="jump" coverage="50%"/></conditions></line><line number="854" hits="6" branch="false"/><line number="856" hits="6" branch="true" condition-coverage="50% (1/2)"><conditions><condition number="0" type="jump" coverage="50%"/></conditions></line><line number="858" hits="6" branch="false"/><line number="860" hits="6" branch="true" condition-coverage="100% (2/2)"><conditions><condition number="0" type="jump" coverage="100%"/></conditions></line><line number="861" hits="3" branch="false"/><line number="862" hits="3" branch="false"/><line number="865" hits="3" branch="true" condition-coverage="50% (1/2)"><conditions><condition number="0" type="jump" coverage="50%"/></conditions></line><line number="866" hits="0" branch="false"/><line number="867" hits="0" branch="true" condition-coverage="0% (0/2)"><conditions><condition number="0" type="jump" coverage="0%"/></conditions></line><line number="870" hits="3" branch="false"/><line number="871" hits="3" branch="false"/><line number="873" hits="6" branch="false"/><line number="884" hits="3" branch="false"/><line number="886" hits="3" branch="false"/><line number="888" hits="3" branch="true" condition-coverage="50% (1/2)"><conditions><condition number="0" type="jump" coverage="50%"/></conditions></line><line number="889" hits="3" branch="true" condition-coverage="50% (1/2)"><conditions><condition number="0" type="jump" coverage="50%"/></conditions></line><line number="891" hits="3" branch="false"/><line number="892" hits="3" branch="true" condition-coverage="50% (1/2)"><conditions><condition number="0" type="jump" coverage="50%"/></conditions></line><line number="893" hits="0" branch="true" condition-coverage="0% (0/4)"><conditions><condition number="0" type="jump" coverage="0%"/></conditions></line><line number="894" hits="0" branch="false"/><line number="896" hits="0" branch="false"/><line number="899" hits="3" branch="false"/><line number="911" hits="6" branch="false"/><line number="913" hits="6" branch="false"/><line number="915" hits="6" branch="true" condition-coverage="50% (1/2)"><conditions><condition number="0" type="jump" coverage="50%"/></conditions></line><line number="916" hits="6" branch="true" condition-coverage="50% (1/2)"><conditions><condition number="0" type="jump" coverage="50%"/></conditions></line><line number="918" hits="6" branch="false"/><line number="919" hits="9" branch="true" condition-coverage="100% (2/2)"><conditions><condition number="0" type="jump" coverage="100%"/></conditions></line><line number="920" hits="3" branch="true" condition-coverage="50% (2/4)"><conditions><condition number="0" type="jump" coverage="50%"/></conditions></line><line number="921" hits="0" branch="false"/><line number="923" hits="3" branch="false"/><line number="926" hits="6" branch="false"/><line number="932" hits="3" branch="false"/><line number="934" hits="3" branch="false"/><line number="935" hits="3" branch="true" condition-coverage="50% (1/2)"><conditions><condition number="0" type="jump" coverage="50%"/></conditions></line><line number="936" hits="3" branch="false"/><line number="937" hits="3" branch="false"/><line number="938" hits="3" branch="false"/><line number="941" hits="3" branch="false"/><line number="945" hits="3" branch="false"/><line number="947" hits="3" branch="true" condition-coverage="50% (1/2)"><conditions><condition number="0" type="jump" coverage="50%"/></conditions></line><line number="951" hits="3" branch="true" condition-coverage="50% (1/2)"><conditions><condition number="0" type="jump" coverage="50%"/></conditions></line><line number="952" hits="3" branch="false"/><line number="954" hits="3" branch="false"/><line number="955" hits="3" branch="false"/><line number="956" hits="3" branch="false"/><line number="959" hits="0" branch="false"/><line number="961" hits="0" branch="false"/><line number="962" hits="0" branch="false"/><line number="964" hits="0" branch="true" condition-coverage="0% (0/2)"><conditions><condition number="0" type="jump" coverage="0%"/></conditions></line><line number="965" hits="0" branch="true" condition-coverage="0% (0/2)"><conditions><condition number="0" type="jump" coverage="0%"/></conditions></line><line number="967" hits="0" branch="false"/><line number="968" hits="0" branch="true" condition-coverage="0% (0/2)"><conditions><condition number="0" type="jump" coverage="0%"/></conditions></line><line number="969" hits="0" branch="true" condition-coverage="0% (0/4)"><conditions><condition number="0" type="jump" coverage="0%"/></conditions></line><line number="970" hits="0" branch="false"/><line number="971" hits="0" branch="false"/><line number="973" hits="0" branch="false"/><line number="976" hits="0" branch="false"/><line number="980" hits="0" branch="false"/><line number="982" hits="0" branch="false"/><line number="985" hits="0" branch="true" condition-coverage="0% (0/2)"><conditions><condition number="0" type="jump" coverage="0%"/></conditions></line><line number="987" hits="0" branch="true" condition-coverage="0% (0/4)"><conditions><condition number="0" type="jump" coverage="0%"/></conditions></line><line number="988" hits="0" branch="false"/><line number="989" hits="0" branch="true" condition-coverage="0% (0/2)"><conditions><condition number="0" type="jump" coverage="0%"/></conditions></line><line number="990" hits="0" branch="false
[...]
er="679" hits="0" branch="false"/><line number="688" hits="0" branch="false"/><line number="689" hits="0" branch="false"/><line number="691" hits="0" branch="true" condition-coverage="0% (0/2)"><conditions><condition number="0" type="jump" coverage="0%"/></conditions></line><line number="693" hits="0" branch="false"/><line number="695" hits="0" branch="true" condition-coverage="0% (0/2)"><conditions><condition number="0" type="jump" coverage="0%"/></conditions></line><line number="696" hits="0" branch="false"/><line number="699" hits="0" branch="false"/><line number="700" hits="0" branch="false"/><line number="701" hits="0" branch="true" condition-coverage="0% (0/2)"><conditions><condition number="0" type="jump" coverage="0%"/></conditions></line><line number="702" hits="0" branch="false"/><line number="703" hits="0" branch="true" condition-coverage="0% (0/2)"><conditions><condition number="0" type="jump" coverage="0%"/></conditions></line><line number="704" hits="0" branch="false"/><line number="705" hits="0" branch="false"/><line number="707" hits="0" branch="false"/><line number="710" hits="0" branch="true" condition-coverage="0% (0/2)"><conditions><condition number="0" type="jump" coverage="0%"/></conditions></line><line number="711" hits="0" branch="false"/><line number="712" hits="0" branch="true" condition-coverage="0% (0/2)"><conditions><condition number="0" type="jump" coverage="0%"/></conditions></line><line number="713" hits="0" branch="true" condition-coverage="0% (0/2)"><conditions><condition number="0" type="jump" coverage="0%"/></conditions></line><line number="714" hits="0" branch="false"/><line number="716" hits="0" branch="false"/><line number="717" hits="0" branch="false"/><line number="719" hits="0" branch="false"/><line number="722" hits="0" branch="false"/><line number="723" hits="0" branch="false"/><line number="724" hits="0" branch="false"/><line number="725" hits="0" branch="false"/><line number="726" hits="0" branch="false"/><line number="727" hits="0" branch="false"/><line number="729" hits="0" branch="false"/><line number="730" hits="0" branch="true" condition-coverage="0% (0/2)"><conditions><condition number="0" type="jump" coverage="0%"/></conditions></line><line number="731" hits="0" branch="true" condition-coverage="0% (0/2)"><conditions><condition number="0" type="jump" coverage="0%"/></conditions></line><line number="732" hits="0" branch="false"/><line number="734" hits="0" branch="false"/><line number="735" hits="0" branch="false"/><line number="738" hits="0" branch="false"/><line number="741" hits="0" branch="true" condition-coverage="0% (0/2)"><conditions><condition number="0" type="jump" coverage="0%"/></conditions></line><line number="742" hits="0" branch="false"/><line number="744" hits="0" branch="false"/><line number="761" hits="8" branch="false"/><line number="763" hits="8" branch="true" condition-coverage="50% (1/2)"><conditions><condition number="0" type="jump" coverage="50%"/></conditions></line><line number="764" hits="8" branch="true" condition-coverage="50% (1/2)"><conditions><condition number="0" type="jump" coverage="50%"/></conditions></line><line number="766" hits="8" branch="false"/><line number="767" hits="8" branch="false"/><line number="768" hits="8" branch="false"/><line number="769" hits="8" branch="false"/><line number="770" hits="8" branch="false"/><line number="771" hits="8" branch="false"/><line number="772" hits="8" branch="false"/><line number="773" hits="8" branch="false"/><line number="774" hits="8" branch="false"/><line number="775" hits="8" branch="false"/><line number="777" hits="8" branch="true" condition-coverage="50% (1/2)"><conditions><condition number="0" type="jump" coverage="50%"/></conditions></line><line number="778" hits="0" branch="false"/><line number="781" hits="8" branch="false"/><line number="782" hits="8" branch="false"/><line number="793" hits="0" branch="false"/><line number="795" hits="0" branch="false"/><line number="796" hits="0" branch="false"/><line number="798" hits="0" branch="false"/><line number="800" hits="0" branch="true" condition-coverage="0% (0/2)"><conditions><condition number="0" type="jump" coverage="0%"/></conditions></line><line number="802" hits="0" branch="true" condition-coverage="0% (0/2)"><conditions><condition number="0" type="jump" coverage="0%"/></conditions></line><line number="803" hits="0" branch="false"/><line number="806" hits="0" branch="true" condition-coverage="0% (0/2)"><conditions><condition number="0" type="jump" coverage="0%"/></conditions></line><line number="807" hits="0" branch="false"/><line number="810" hits="0" branch="false"/><line number="811" hits="0" branch="false"/><line number="812" hits="0" branch="false"/><line number="815" hits="0" branch="false"/><line number="816" hits="0" branch="false"/><line number="833" hits="5" branch="false"/><line number="835" hits="5" branch="false"/><line number="838" hits="5" branch="false"/><line number="839" hits="5" branch="false"/><line number="842" hits="5" branch="true" condition-coverage="50% (1/2)"><conditions><condition number="0" type="jump" coverage="50%"/></conditions></line><line number="843" hits="5" branch="true" condition-coverage="50% (1/2)"><conditions><condition number="0" type="jump" coverage="50%"/></conditions></line><line number="845" hits="5" branch="false"/><line number="847" hits="5" branch="false"/><line number="848" hits="5" branch="false"/><line number="851" hits="5" branch="true" condition-coverage="50% (1/2)"><conditions><condition number="0" type="jump" coverage="50%"/></conditions></line><line number="852" hits="0" branch="false"/><line number="856" hits="5" branch="true" condition-coverage="50% (1/2)"><conditions><condition number="0" type="jump" coverage="50%"/></conditions></line><line number="859" hits="5" branch="true" condition-coverage="50% (2/4)"><conditions><condition number="0" type="jump" coverage="50%"/></conditions></line><line number="861" hits="0" branch="true" condition-coverage="0% (0/2)"><conditions><condition number="0" type="jump" coverage="0%"/></conditions></line><line number="862" hits="0" branch="false"/><line number="864" hits="0" branch="false"/><line number="865" hits="0" branch="false"/><line number="868" hits="0" branch="false"/><line number="873" hits="5" branch="false"/><line number="874" hits="15" branch="true" condition-coverage="50% (3/6)"><conditions><condition number="0" type="jump" coverage="50%"/></conditions></line><line number="875" hits="10" branch="true" condition-coverage="50% (1/2)"><conditions><condition number="0" type="jump" coverage="50%"/></conditions></line><line number="876" hits="10" branch="false"/><line number="877" hits="10" branch="true" condition-coverage="50% (1/2)"><conditions><condition number="0" type="jump" coverage="50%"/></conditions></line><line number="880" hits="0" branch="false"/><line number="881" hits="0" branch="true" condition-coverage="0% (0/2)"><conditions><condition number="0" type="jump" coverage="0%"/></conditions></line><line number="882" hits="0" branch="false"/><line number="884" hits="0" branch="false"/><line number="887" hits="10" branch="false"/><line number="889" hits="10" branch="true" condition-coverage="50% (1/2)"><conditions><condition number="0" type="jump" coverage="50%"/></conditions></line><line number="890" hits="10" branch="false"/><line number="893" hits="0" branch="false"/><line number="896" hits="5" branch="false"/><line number="899" hits="5" branch="true" condition-coverage="50% (2/4)"><conditions><condition number="0" type="jump" coverage="50%"/></conditions></line><line number="900" hits="0" branch="true" condition-coverage="0% (0/2)"><conditions><condition number="0" type="jump" coverage="0%"/></conditions></line><line number="901" hits="0" branch="false"/><line number="903" hits="0" branch="false"/><line number="904" hits="0" branch="false"/><line number="906" hits="5" branch="true" condition-coverage="0% (0/2)"><conditions><condition number="0" type="jump" coverage="0%"/></conditions></line><line number="913" hits="0" branch="false"/><line number="914" hits="0" branch="true" condition-coverage="0% (0/2)"><conditions><condition number="0" type="jump" coverage="0%"/></conditions></line><line number="915" hits="0" branch="false"/><line number="917" hits="0" branch="false"/><line number="922" hits="5" branch="true" condition-coverage="50% (1/2)"><conditions><condition number="0" type="jump" coverage="50%"/></conditions></line><line number="923" hits="0" branch="true" condition-coverage="0% (0/2)"><conditions><condition number="0" type="jump" coverage="0%"/></conditions></line><line number="924" hits="0" branch="false"/><line number="927" hits="0" branch="false"/><line number="931" hits="5" branch="false"/><line number="935" hits="5" branch="true" condition-coverage="50% (1/2)"><conditions><condition number="0" type="jump" coverage="50%"/></conditions></line><line number="936" hits="0" branch="false"/><line number="939" hits="5" branch="false"/><line number="940" hits="5" branch="false"/><line number="959" hits="10" branch="false"/><line number="963" hits="10" branch="false"/><line number="965" hits="10" branch="false"/><line number="967" hits="10" branch="true" condition-coverage="50% (1/2)"><conditions><condition number="0" type="jump" coverage="50%"/></conditions></line><line number="968" hits="10" branch="true" condition-coverage="50% (1/2)"><conditions><condition number="0" type="jump" coverage="50%"/></conditions></line><line number="969" hits="10" branch="true" condition-coverage="50% (1/2)"><conditions><condition number="0" type="jump" coverage="50%"/></conditions></line><line number="970" hits="10" branch="true" condition-coverage="50% (1/2)"><conditions><condition number="0" type="jump" coverage="50%"/></conditions></line><line number="972" hits="10" branch="false"/><line number="974" hits="10" branch="false"/><line number="976" hits="10" branch="true" condition-coverage="50% (1/2)"><conditions><condition number="0" type="jump" coverage="50%"/></conditions></line><line number="977" hits="10" branch="false"/><line number="981" hits="10" branch="true" condition-coverage="50% (1/2)"><conditions><condition number="0" type="jump" coverage="50%"/></conditions></line><line number="983" hits="10" branch="true" condition-coverage="50% (1/2)"><conditions><condition number="0" type="jump" coverage="50%"/></conditions></line><line number="984" hits="0" branch="false"/><line number="988" hits="10" branch="false"/><line number="989" hits="10" branch="true" condition-coverage="50% (1/2)"><conditions><condition number="0" type="jump" coverage="50%"/></conditions></line><line number="990" hits="10" branch="true" condition-coverage="50% (1/2)"><conditions><condition number="0" type="jump" coverage="50%"/></conditions></line><line number="991" hits="10" branch="false"/><line number="995" hits="10" branch="true" condition-coverage="50% (1/2)"><conditions><condition number="0" type="jump" coverage="50%"/></conditions></line><line number="996" hits="0" branch="false"/><line number="999" hits="10" branch="false"/><line number="1002" hits="0" branch="false"/><line number="1003" hits="0" branch="true" condition-coverage="0% (0/2)"><conditions><condition number="0" type="jump" coverage="0%"/></conditions></line><line number="1004" hits="0" branch="false"/><line number="1007" hits="0" branch="false"/><line number="1011" hits="10" branch="true" condition-coverage="50% (1/2)"><conditions><condition number="0" type="jump" coverage="50%"/></conditions></line><line number="1012" hits="0" branch="false"/><line number="1013" hits="0" branch="true" condition-coverage="0% (0/2)"><conditions><condition number="0" type="jump" coverage="0%"/></conditions></line><line number="1014" hits="0" branch="false"/><line number="1017" hits="0" branch="false"/><line number="1021" hits="10" branch="false"/><line number="1024" hits="10" branch="true" condition-coverage="50% (1/2)"><conditions><condition number="0" type="jump" coverage="50%"/></conditions></line><line number="1025" hits="10" branch="false"/><line number="1028" hits="10" branch="false"/><line number="1029" hits="10" branch="false"/><line number="1031" hits="10" branch="false"/></lines></class><class name="Util_c" filename="external/CUnit/Sources/Framework/Util.c" line-rate="0.5507246376811594" branch-rate="0.4074074074074074" complexity="0.0"><methods/><lines><line number="83" hits="52" branch="false"/><line number="85" hits="52" branch="false"/><line number="88" hits="208" branch="true" condition-coverage="75% (3/4)"><conditions><condition number="0" type="jump" coverage="75%"/></conditions></line><line number="92" hits="52" branch="true" condition-coverage="50% (1/2)"><conditions><condition number="0" type="jump" coverage="50%"/></conditions></line><line number="95" hits="2" branch="false"/><line number="125" hits="2" branch="false"/><line number="128" hits="2" branch="false"/><line number="130" hits="2" branch="true" condition-coverage="50% (1/2)"><conditions><condition number="0" type="jump" coverage="50%"/></conditions></line><line number="131" hits="2" branch="true" condition-coverage="50% (1/2)"><conditions><condition number="0" type="jump" coverage="50%"/></conditions></line><line number="134" hits="2" branch="true" condition-coverage="50% (1/2)"><conditions><condition number="0" type="jump" coverage="50%"/></conditions></line><line number="136" hits="28" branch="true" condition-coverage="75% (3/4)"><conditions><condition number="0" type="jump" coverage="75%"/></conditions></line><line number="137" hits="26" branch="false"/><line number="138" hits="26" branch="true" condition-coverage="50% (1/2)"><conditions><condition number="0" type="jump" coverage="50%"/></conditions></line><line number="139" hits="0" branch="true" condition-coverage="0% (0/2)"><conditions><condition number="0" type="jump" coverage="0%"/></conditions></line><line number="140" hits="0" branch="false"/><line number="141" hits="0" branch="false"/><line number="142" hits="0" branch="false"/><line number="143" hits="0" branch="false"/><line number="145" hits="0" branch="false"/><line number="146" hits="0" branch="false"/><line number="149" hits="26" branch="false"/><line number="150" hits="26" branch="false"/><line number="152" hits="26" branch="false"/><line number="155" hits="2" branch="true" condition-coverage="50% (1/2)"><conditions><condition number="0" type="jump" coverage="50%"/></conditions></line><line number="156" hits="0" branch="false"/><line number="157" hits="0" branch="false"/><line number="159" hits="2" branch="false"/><line number="162" hits="2" branch="false"/><line number="166" hits="2" branch="false"/><line number="168" hits="2" branch="false"/><line number="171" hits="2" branch="true" condition-coverage="50% (1/2)"><conditions><condition number="0" type="jump" coverage="50%"/></conditions></line><line number="173" hits="28" branch="true" condition-coverage="100% (2/2)"><conditions><condition number="0" type="jump" coverage="100%"/></conditions></line><line number="174" hits="26" branch="true" condition-coverage="50% (1/2)"><conditions><condition number="0" type="jump" coverage="50%"/></conditions></line><line number="175" hits="0" branch="false"/><line number="177" hits="26" branch="false"/><line number="179" hits="26" branch="false"/><line number="181" hits="2" branch="false"/><line number="185" hits="3" branch="false"/><line number="187" hits="3" branch="true" condition-coverage="50% (1/2)"><conditions><condition number="0" type="jump" coverage="50%"/></conditions></line><line number="188" hits="3" branch="true" condition-coverage="50% (1/2)"><conditions><condition number="0" type="jump" coverage="50%"/></conditions></line><line number="190" hits="18" branch="true" condition-coverage="66% (4/6)"><conditions><condition number="0" type="jump" coverage="66%"/></conditions></line><line number="191" hits="15" branch="false"/><line number="192" hits="15" branch="false"/><line number="195" hits="3" branch="false"/><line number="199" hits="0" branch="false"/><line number="201" hits="0" branch="false"/><line number="202" hits="0" branch="false"/><line number="203" hits="0" branch="false"/><line number="206" hits="0" branch="false"/><line number="208" hits="0" branch="false"/><line number="209" hits="0" branch="false"/><line number="210" hits="0" branch="false"/><line number="212" hits="0" branch="true" condition-coverage="0% (0/2)"><conditions><condition number="0" type="jump" coverage="0%"/></conditions></line><line number="215" hits="0" branch="true" condition-coverage="0% (0/2)"><conditions><condition number="0" type="jump" coverage="0%"/></conditions></line><line number="216" hits="0" branch="true" condition-coverage="0% (0/2)"><conditions><condition number="0" type="jump" coverage="0%"/></conditions></line><line number="217" hits="0" branch="false"/><line number="221" hits="0" branch="true" condition-coverage="0% (0/4)"><conditions><condition number="0" type="jump" coverage="0%"/></conditions></line><line number="224" hits="0" branch="false"/><line number="227" hits="0" branch="false"/><line number="230" hits="0" branch="false"/><line number="232" hits="0" branch="true" condition-coverage="0% (0/2)"><conditions><condition number="0" type="jump" coverage="0%"/></conditions></line><line number="233" hits="0" branch="false"/><line number="237" hits="0" branch="true" condition-coverage="0% (0/4)"><conditions><condition number="0" type="jump" coverage="0%"/></conditions></line><line number="241" hits="0" branch="false"/><line number="242" hits="0" branch="false"/><line number="245" hits="72" branch="false"/><line number="249" hits="72" branch="false"/><line number="250" hits="72" branch="false"/><line number="251" hits="72" branch="false"/></lines></class></classes></package><package name="src" line-rate="1.0" branch-rate="1.0" complexity="0.0"><classes><class name="math_c" filename="src/math.c" line-rate="1.0" branch-rate="1.0" complexity="0.0"><methods/><lines><line number="3" hits="10" branch="false"/><line number="4" hits="10" branch="false"/><line number="6" hits="10" branch="false"/><line number="7" hits="10" branch="false"/></lines></class></classes></package><package name="test" line-rate="0.8148148148148148" branch-rate="0.5" complexity="0.0"><classes><class name="main_c" filename="test/main.c" line-rate="0.8148148148148148" branch-rate="0.5" complexity="0.0"><methods/><lines><line number="7" hits="5" branch="false"/><line number="8" hits="5" branch="false"/><line number="9" hits="5" branch="false"/><line number="10" hits="5" branch="false"/><line number="12" hits="5" branch="false"/><line number="13" hits="5" branch="false"/><line number="14" hits="5" branch="false"/><line number="15" hits="5" branch="false"/><line number="17" hits="10" branch="false"/><line number="18" hits="10" branch="false"/><line number="20" hits="3" branch="false"/><line number="21" hits="3" branch="true" condition-coverage="50% (1/2)"><conditions><condition number="0" type="jump" coverage="50%"/></conditions></line><line number="22" hits="0" branch="false"/><line number="25" hits="3" branch="false"/><line number="26" hits="3" branch="true" condition-coverage="50% (1/2)"><conditions><condition number="0" type="jump" coverage="50%"/></conditions></line><line number="27" hits="0" branch="false"/><line number="28" hits="0" branch="false"/><line number="31" hits="6" branch="true" condition-coverage="50% (2/4)"><conditions><condition number="0" type="jump" coverage="50%"/></conditions></line><line number="32" hits="3" branch="false"/><line number="33" hits="0" branch="false"/><line number="34" hits="0" branch="false"/><line number="38" hits="3" branch="false"/><line number="39" hits="3" branch="false"/><line number="42" hits="3" branch="false"/><line number="43" hits="3" branch="false"/><line number="47" hits="3" branch="false"/><line number="49" hits="3" branch="false"/></lines></class></classes></package></packages></coverage>
